<?xml version="1.0" encoding="UTF-8"?>
<testng-results skipped="0" failed="0" ignored="0" total="1" passed="1">
  <reporter-output>
  </reporter-output>
  <suite name="Default suite" duration-ms="58005" started-at="2018-06-09T04:52:16Z" finished-at="2018-06-09T04:53:14Z">
    <groups>
    </groups>
    <test name="Default test" duration-ms="58005" started-at="2018-06-09T04:52:16Z" finished-at="2018-06-09T04:53:14Z">
      <class name="Org.Maven.com.MavenProject.TestY">
        <test-method status="PASS" signature="beforeTest()[pri:0, instance:Org.Maven.com.MavenProject.TestY@491cc5c9]" name="beforeTest" is-config="true" duration-ms="32488" started-at="2018-06-09T04:52:16Z" finished-at="2018-06-09T04:52:49Z">
          <reporter-output>
          </reporter-output>
        </test-method> <!-- beforeTest -->
        <test-method status="PASS" signature="f()[pri:0, instance:Org.Maven.com.MavenProject.TestY@491cc5c9]" name="f" duration-ms="24784" started-at="2018-06-09T04:52:49Z" finished-at="2018-06-09T04:53:14Z">
          <reporter-output>
          </reporter-output>
        </test-method> <!-- f -->
        <test-method status="PASS" signature="afterTest()[pri:0, instance:Org.Maven.com.MavenProject.TestY@491cc5c9]" name="afterTest" is-config="true" duration-ms="701" started-at="2018-06-09T04:53:14Z" finished-at="2018-06-09T04:53:14Z">
          <reporter-output>
          </reporter-output>
        </test-method> <!-- afterTest -->
      </class> <!-- Org.Maven.com.MavenProject.TestY -->
    </test> <!-- Default test -->
  </suite> <!-- Default suite -->
</testng-results>
